[2024-06-29 21:22:29] Main-Line-93-Exception:must be str, not dict
tvsite:{"key":"农民","name":"影视 |农民[直连]","type":3,"api":"csp_XBPQ","searchable":1,"quickSearch":1,"filterable":1,"ext":{"数组":"<li>&&</li>","图片":"src=\"&&\"","分类url":"https://www.wwgz.cn/vod-list-id-{cateId}-pg-{catePg}-order--by--class-0-year-{year}-letter--area-{area}-lang-.html","分类":"短剧$26#电视剧$2#电影$1#动漫$4#综艺$3"},"jar": "./jar/Yoursmile.jar;md5;557e28611dc14e0c52e025068ffe2b3b"}

[2024-06-29 21:22:29] Main-Line-93-Exception:must be str, not dict
tvsite:{"key":"骚火","name":"影视 | 骚火[直连]","type":3,"api":"csp_XBPQ","searchable":1,"quickSearch":1,"filterable":1,"ext":{"嗅探词":".m3u8#.mp4#.m3u8?#freeok.mp4","分类url":"https://shdy2.com/list/{cateId}-{catePg}.html;;vr1au0","分类":"电影$1#电视剧$2#韩剧$22#美剧$23#动漫$4","数组二次截取":"class=\"v_list\">&&</ul>","数组":"\"v_img\"&&/div>","标题":"title=\"&&\"","副标题":"v_note\"&&</div","跳转播放链接":"<iframe*src=\"&&\"","二次跳转播放链接":"https://hhjx.hhplayer.com/api.php;post;url=+var url*\"&&\"+&t=+var t*\"&&\"+&key=+var key*\"&&\"+&act=0+&play=1","三次跳转播放链接":"\"url\"*\"&&\""},"jar": "./jar/Yoursmile.jar;md5;557e28611dc14e0c52e025068ffe2b3b"}

[2024-06-29 21:22:29] Main-Line-93-Exception:must be str, not dict
tvsite:{"key":"晴天","name":"影视 | 晴天[直连]","type":3,"api":"csp_XBPQ","searchable":1,"quickSearch":1,"filterable":1,"ext":{"分类url":"https://www.qinttv.com/qtyy/{cateId}/area/{area}/page/{catePg}/year/{year}.html","搜索url":"https://www.qinttv.com/qtcz.html;post;wd={wd}&submit=","分类":"电影$dianying#电视剧$dianshiju#动漫$dongmna#综艺$zongyi"},"jar": "./jar/Yoursmile.jar;md5;557e28611dc14e0c52e025068ffe2b3b"}

[2024-06-29 21:22:29] Main-Line-93-Exception:must be str, not dict
tvsite:{"key":"Freeok","name":"影视 | Freeok[直连]","type":3,"api":"csp_XBPQ","searchable":1,"quickSearch":1,"filterable":1,"ext":{"分类url":"https://www.freeok.vip/vod-show/{cateId}-{area}-------{catePg}---{year}.html;;ar1","分类":"电影&剧集&动漫&综艺&短剧&少儿","分类值":"1&2&3&4&12&5","副标题":"<div class=\"module-item-note\">&&</div>","嗅探词":"m3u8#.m3u8#.mp4#freeok.mp4#/obj/","线路数组":"data-dropdown-value=&&</div>","线路数组": "data-dropdown-value=&&</div>[不包含:夸克]","导演":"导演：&&</div>","主演":"主演：&&</div>","简介":"<p>&&</p>"},"jar": "./jar/Yoursmile.jar;md5;557e28611dc14e0c52e025068ffe2b3b"}

[2024-06-29 21:22:29] Main-Line-93-Exception:must be str, not dict
tvsite:{"key":"蛋蛋","name":"影视 | 蛋蛋[直连]","type":3,"api":"csp_XBPQ","searchable":1,"quickSearch":1,"filterable":1,"ext":{"嗅探词":"v3.toutiaovod.com#v3-dy-o.zjcdn#.m3u8#/tos/#.mp4","请求头":"手机#Referer$https://www.dandanju.cc/","分类url":"https://www.dandanju.cc/show/{cateId}--------{catePg}---2023.html","分类":"电影$1#剧集$2#动漫$4#综艺$4","数组":" <li class=\"col-md-6 col-sm-4 col-xs-3&&</li","搜索模式":"1","搜索url":"https://www.dandanju.cc/search/{wd}----------1---.html","搜索数组":"<li class=\"active clearfix&&</li"},"jar": "./jar/Yoursmile.jar;md5;557e28611dc14e0c52e025068ffe2b3b"}

[2024-06-29 21:22:29] Main-Line-93-Exception:must be str, not dict
tvsite:{"key":"云播","name":"影视 | 云播[直连]","type":3,"api":"csp_XBPQ","searchable":1,"quickSearch":1,"filterable":1,"changeable":1,"ext":{"影片类型":"分类：&&主演","导演":"导演：</span>&&</p>","主演":"主演：</span>&&</p>","简介":"class=\"sketch content\">&&</span>","数组":"myui-vodlist__thumb&&</a>","标题":"title=\"&&\"","副标题":"pic-tag pic-tag-top\">&&</span>","图片":"data-original=\"&&\"","链接":"href=\"&&\"","搜索模式":"1","搜索url":"http://www.hktvyun.com/index.php/ajax/suggest?mid=1&wd={wd}&limit=500","搜索二次截取":"\"list\":[&&]","搜索数组":"{&&}","搜索标题":"\"name\":\"&&\"","搜索图片":"\"pic\":\"&&\"","搜索链接":"http://www.hktvyun.com/vod/detail/id/+\"id\":&&,+html","嗅探词":".m3u8#mp4","线路数组":"</a><h3&&/h3>","线路标题":"title\">&&<","播放数组":"<ul class=\"myui-content__list scrollbar&&</ul>","播放标题":">&&<","播放列表":"<a&&/a>","分类url":"http://www.hktvyun.com/vod/show/area/{area}/by/{by}/class/{class}/id/{cateId}/lang/{lang}/page/{catePg}/year/{year}.html;;a","分类":"电影$1#电视剧$2#综艺$3#动漫$4"},"jar": "./jar/Yoursmile.jar;md5;557e28611dc14e0c52e025068ffe2b3b"}

[2024-06-29 21:22:29] Main-Line-93-Exception:Extra data: line 1 column 349 (char 348)
tvsite:{"key":"非凡","name":"影视 | 非凡[直连]","type":1,"api":"http://cj.ffzyapi.com/api.php/provide/vod/","searchable":1,"categories":["动作片","喜剧片","爱情片","科幻片","恐怖片","剧情片","战争片","国产剧","香港剧","韩国剧","欧美剧","记录片","台湾剧","日本剧","海外剧","泰国剧","大陆综艺","港台综艺","日韩综艺","欧美综艺","国产动漫","日韩动漫","欧美动漫","港台动漫","海外动漫"],"jar": "./jar/Yoursmile.jar;md5;557e28611dc14e0c52e025068ffe2b3b"},    

[2024-06-29 21:22:30] Main-Line-93-Exception:must be str, not dict
tvsite:{"key":"Youtube","name":"Youtube","type":3,"api": "csp_Youtube","searchable": 1,"quickSearch": 0,"changeable": 0,"ext":{"json":"./json/youtube.json","type":"直播#新闻#剧集#电影#综艺#纪录片#音乐#体育#动物#风光#放松#4K#HDR#movie#music#documentary#bbc documentary#national geographic documentary","proxy":"proxy","keywords":"排行榜,HOT,TRENDS,热门话题,热门趋势,热门综艺,热门电影,热门电视剧,小姐姐","codecs":""},"style": {"type": "rect","ratio": 1.5},"jar":"./jar/pg.jar"}

[2024-06-29 21:22:32] Main-Line-93-Exception:Extra data: line 1 column 153 (char 152)
tvsite:{"key":"drpy_js_97tvs","name":"影视 | 97tvs[js]","type":3,"api":"./lib/drpy2.min.js","ext":"./js/97tvs.js", "quickSearch":1, "changeable":1, "timeout":30}, 

[2024-06-29 21:22:32] Main-Line-93-Exception:Extra data: line 1 column 153 (char 152)
tvsite:{"key":"drpy_js_rrdyw","name":"影视 | rrdyw[js]","type":3,"api":"./lib/drpy2.min.js","ext":"./js/rrdyw.js", "quickSearch":1, "changeable":1, "timeout":30}, 

[2024-06-29 21:22:32] Main-Line-93-Exception:Extra data: line 1 column 151 (char 150)
tvsite:{"key":"drpy_js_meow","name":"影视 | meow搜[js]","type":3,"api":"./lib/drpy2.min.js","ext":"./js/meow.js", "quickSearch":1, "changeable":1, "timeout":30}, 